2024-09-11 22:29:13,983 INFO o.s.b.StartupInfoLogger [main] Starting DemoApplication using Java 17.0.12 with PID 4406 (/Users/thitiwasnupan/development/beer_demo/demo/target/classes started by thitiwasnupan in /Users/thitiwasnupan/development/beer_demo/demo)
2024-09-11 22:29:13,986 DEBUG o.s.b.StartupInfoLogger [main] Running with Spring Boot v3.3.3, Spring v6.1.12
2024-09-11 22:29:13,986 INFO o.s.b.SpringApplication [main] No active profile set, falling back to 1 default profile: "default"
2024-09-11 22:29:14,358 INFO o.s.b.w.e.t.TomcatWebServer [main] Tomcat initialized with port 8080 (http)
2024-09-11 22:29:14,362 INFO o.a.j.l.DirectJDKLog [main] Initializing ProtocolHandler ["http-nio-8080"]
2024-09-11 22:29:14,364 INFO o.a.j.l.DirectJDKLog [main] Starting service [Tomcat]
2024-09-11 22:29:14,364 INFO o.a.j.l.DirectJDKLog [main] Starting Servlet engine: [Apache Tomcat/10.1.28]
2024-09-11 22:29:14,384 INFO o.a.j.l.DirectJDKLog [main] Initializing Spring embedded WebApplicationContext
2024-09-11 22:29:14,385 INFO o.s.b.w.s.c.ServletWebServerApplicationContext [main] Root WebApplicationContext: initialization completed in 375 ms
2024-09-11 22:29:14,527 INFO o.a.j.l.DirectJDKLog [main] Starting ProtocolHandler ["http-nio-8080"]
2024-09-11 22:29:14,534 INFO o.s.b.w.e.t.TomcatWebServer [main] Tomcat started on port 8080 (http) with context path '/'
2024-09-11 22:29:14,538 INFO o.s.b.StartupInfoLogger [main] Started DemoApplication in 0.715 seconds (process running for 1.037)
2024-09-11 22:29:44,786 INFO o.s.t.c.s.AnnotationConfigContextLoaderUtils [main] Could not detect default configuration classes for test class [com.thitiwas.example.demo.DemoApplicationTests]: DemoApplicationTests does not declare any static, non-private, non-final, nested classes annotated with @Configuration.
2024-09-11 22:29:44,836 INFO o.s.b.t.c.SpringBootTestContextBootstrapper [main] Found @SpringBootConfiguration com.thitiwas.example.demo.DemoApplication for test class com.thitiwas.example.demo.DemoApplicationTests
2024-09-11 22:29:45,019 INFO o.s.b.StartupInfoLogger [main] Starting DemoApplicationTests using Java 17.0.12 with PID 4415 (started by thitiwasnupan in /Users/thitiwasnupan/development/beer_demo/demo)
2024-09-11 22:29:45,019 DEBUG o.s.b.StartupInfoLogger [main] Running with Spring Boot v3.3.3, Spring v6.1.12
2024-09-11 22:29:45,020 INFO o.s.b.SpringApplication [main] No active profile set, falling back to 1 default profile: "default"
2024-09-11 22:29:45,507 INFO o.s.b.StartupInfoLogger [main] Started DemoApplicationTests in 0.601 seconds (process running for 1.133)
2024-09-11 22:30:11,596 INFO o.s.b.StartupInfoLogger [main] Starting DemoApplication v0.0.1-SNAPSHOT using Java 17.0.12 with PID 4437 (/Users/thitiwasnupan/development/beer_demo/demo/target/demo-0.0.1-SNAPSHOT.jar started by thitiwasnupan in /Users/thitiwasnupan/development/beer_demo/demo)
2024-09-11 22:30:11,597 DEBUG o.s.b.StartupInfoLogger [main] Running with Spring Boot v3.3.3, Spring v6.1.12
2024-09-11 22:30:11,598 INFO o.s.b.SpringApplication [main] No active profile set, falling back to 1 default profile: "default"
2024-09-11 22:30:12,025 INFO o.s.b.w.e.t.TomcatWebServer [main] Tomcat initialized with port 8080 (http)
2024-09-11 22:30:12,031 INFO o.a.j.l.DirectJDKLog [main] Initializing ProtocolHandler ["http-nio-8080"]
2024-09-11 22:30:12,032 INFO o.a.j.l.DirectJDKLog [main] Starting service [Tomcat]
2024-09-11 22:30:12,032 INFO o.a.j.l.DirectJDKLog [main] Starting Servlet engine: [Apache Tomcat/10.1.28]
2024-09-11 22:30:12,052 INFO o.a.j.l.DirectJDKLog [main] Initializing Spring embedded WebApplicationContext
2024-09-11 22:30:12,053 INFO o.s.b.w.s.c.ServletWebServerApplicationContext [main] Root WebApplicationContext: initialization completed in 426 ms
2024-09-11 22:30:12,208 INFO o.a.j.l.DirectJDKLog [main] Starting ProtocolHandler ["http-nio-8080"]
2024-09-11 22:30:12,220 INFO o.s.b.w.e.t.TomcatWebServer [main] Tomcat started on port 8080 (http) with context path '/'
2024-09-11 22:30:12,232 INFO o.s.b.StartupInfoLogger [main] Started DemoApplication in 0.817 seconds (process running for 1.201)
2024-09-11 22:43:42,743 INFO o.s.t.c.s.AnnotationConfigContextLoaderUtils [main] Could not detect default configuration classes for test class [com.thitiwas.example.demo.DemoApplicationTests]: DemoApplicationTests does not declare any static, non-private, non-final, nested classes annotated with @Configuration.
2024-09-11 22:43:42,797 INFO o.s.b.t.c.SpringBootTestContextBootstrapper [main] Found @SpringBootConfiguration com.thitiwas.example.demo.DemoApplication for test class com.thitiwas.example.demo.DemoApplicationTests
2024-09-11 22:43:42,985 INFO o.s.b.StartupInfoLogger [main] Starting DemoApplicationTests using Java 17.0.12 with PID 4578 (started by thitiwasnupan in /Users/thitiwasnupan/development/beer_demo/demo)
2024-09-11 22:43:42,986 DEBUG o.s.b.StartupInfoLogger [main] Running with Spring Boot v3.3.3, Spring v6.1.12
2024-09-11 22:43:42,986 INFO o.s.b.SpringApplication [main] No active profile set, falling back to 1 default profile: "default"
2024-09-11 22:43:43,460 INFO o.s.b.StartupInfoLogger [main] Started DemoApplicationTests in 0.58 seconds (process running for 1.199)
2024-09-11 22:49:56,224 ERROR o.s.b.SpringApplication [main] Application run failed
java.lang.IllegalStateException: java.lang.IllegalStateException: Logback configuration error detected: 
ERROR in ch.qos.logback.classic.pattern.ClassOfCallerConverter@1950e8a6 - failed to parse integer string [1.] java.lang.NumberFormatException: For input string: "1."
	at org.springframework.boot.context.logging.LoggingApplicationListener.initializeSystem(LoggingApplicationListener.java:347)
	at org.springframework.boot.context.logging.LoggingApplicationListener.initialize(LoggingApplicationListener.java:298)
	at org.springframework.boot.context.logging.LoggingApplicationListener.onApplicationEnvironmentPreparedEvent(LoggingApplicationListener.java:246)
	at org.springframework.boot.context.logging.LoggingApplicationListener.onApplicationEvent(LoggingApplicationListener.java:223)
	at org.springframework.context.event.SimpleApplicationEventMulticaster.doInvokeListener(SimpleApplicationEventMulticaster.java:185)
	at org.springframework.context.event.SimpleApplicationEventMulticaster.invokeListener(SimpleApplicationEventMulticaster.java:178)
	at org.springframework.context.event.SimpleApplicationEventMulticaster.multicastEvent(SimpleApplicationEventMulticaster.java:156)
	at org.springframework.context.event.SimpleApplicationEventMulticaster.multicastEvent(SimpleApplicationEventMulticaster.java:138)
	at org.springframework.boot.context.event.EventPublishingRunListener.multicastInitialEvent(EventPublishingRunListener.java:136)
	at org.springframework.boot.context.event.EventPublishingRunListener.environmentPrepared(EventPublishingRunListener.java:81)
	at org.springframework.boot.SpringApplicationRunListeners.lambda$environmentPrepared$2(SpringApplicationRunListeners.java:64)
	at java.base/java.lang.Iterable.forEach(Iterable.java:75)
	at org.springframework.boot.SpringApplicationRunListeners.doWithListeners(SpringApplicationRunListeners.java:118)
	at org.springframework.boot.SpringApplicationRunListeners.doWithListeners(SpringApplicationRunListeners.java:112)
	at org.springframework.boot.SpringApplicationRunListeners.environmentPrepared(SpringApplicationRunListeners.java:63)
	at org.springframework.boot.SpringApplication.prepareEnvironment(SpringApplication.java:370)
	at org.springframework.boot.SpringApplication.run(SpringApplication.java:330)
	at org.springframework.boot.SpringApplication.run(SpringApplication.java:1363)
	at org.springframework.boot.SpringApplication.run(SpringApplication.java:1352)
	at com.thitiwas.example.demo.DemoApplication.main(DemoApplication.java:10)
Caused by: java.lang.IllegalStateException: Logback configuration error detected: 
ERROR in ch.qos.logback.classic.pattern.ClassOfCallerConverter@1950e8a6 - failed to parse integer string [1.] java.lang.NumberFormatException: For input string: "1."
	at org.springframework.boot.logging.logback.LogbackLoggingSystem.reportConfigurationErrorsIfNecessary(LogbackLoggingSystem.java:284)
	at org.springframework.boot.logging.logback.LogbackLoggingSystem.loadConfiguration(LogbackLoggingSystem.java:262)
	at org.springframework.boot.logging.logback.LogbackLoggingSystem.reinitialize(LogbackLoggingSystem.java:341)
	at org.springframework.boot.logging.AbstractLoggingSystem.initializeWithConventions(AbstractLoggingSystem.java:74)
	at org.springframework.boot.logging.AbstractLoggingSystem.initialize(AbstractLoggingSystem.java:61)
	at org.springframework.boot.logging.logback.LogbackLoggingSystem.initialize(LogbackLoggingSystem.java:193)
	at org.springframework.boot.context.logging.LoggingApplicationListener.initializeSystem(LoggingApplicationListener.java:332)
	... 19 common frames omitted
	Suppressed: java.lang.NumberFormatException: For input string: "1."
		at java.base/java.lang.NumberFormatException.forInputString(NumberFormatException.java:67)
		at java.base/java.lang.Integer.parseInt(Integer.java:668)
		at java.base/java.lang.Integer.parseInt(Integer.java:786)
		at ch.qos.logback.classic.pattern.NamedConverter.start(NamedConverter.java:92)
		at ch.qos.logback.core.pattern.ConverterUtil.startConverters(ConverterUtil.java:37)
		at ch.qos.logback.core.pattern.PatternLayoutBase.start(PatternLayoutBase.java:90)
		at ch.qos.logback.core.model.processor.ImplicitModelHandler.postHandleComplex(ImplicitModelHandler.java:207)
		at ch.qos.logback.core.model.processor.ImplicitModelHandler.postHandle(ImplicitModelHandler.java:186)
		at ch.qos.logback.core.model.processor.DefaultProcessor.secondPhaseTraverse(DefaultProcessor.java:257)
		at ch.qos.logback.core.model.processor.DefaultProcessor.secondPhaseTraverse(DefaultProcessor.java:253)
		at ch.qos.logback.core.model.processor.DefaultProcessor.secondPhaseTraverse(DefaultProcessor.java:253)
		at ch.qos.logback.core.model.processor.DefaultProcessor.traversalLoop(DefaultProcessor.java:90)
		at ch.qos.logback.core.model.processor.DefaultProcessor.process(DefaultProcessor.java:106)
		at ch.qos.logback.core.joran.GenericXMLConfigurator.processModel(GenericXMLConfigurator.java:222)
		at org.springframework.boot.logging.logback.SpringBootJoranConfigurator.processModel(SpringBootJoranConfigurator.java:133)
		at ch.qos.logback.core.joran.GenericXMLConfigurator.doConfigure(GenericXMLConfigurator.java:178)
		at ch.qos.logback.core.joran.GenericXMLConfigurator.doConfigure(GenericXMLConfigurator.java:123)
		at ch.qos.logback.core.joran.GenericXMLConfigurator.doConfigure(GenericXMLConfigurator.java:66)
		at org.springframework.boot.logging.logback.LogbackLoggingSystem.configureByResourceUrl(LogbackLoggingSystem.java:294)
		at org.springframework.boot.logging.logback.LogbackLoggingSystem.lambda$loadConfiguration$1(LogbackLoggingSystem.java:255)
		at org.springframework.boot.logging.logback.LogbackLoggingSystem.withLoggingSuppressed(LogbackLoggingSystem.java:474)
		at org.springframework.boot.logging.logback.LogbackLoggingSystem.loadConfiguration(LogbackLoggingSystem.java:249)
		... 24 common frames omitted
2024-09-11 22:50:07,473 ERROR o.s.b.SpringApplication [main] Application run failed
java.lang.IllegalStateException: java.lang.IllegalStateException: Logback configuration error detected: 
ERROR in ch.qos.logback.classic.PatternLayout("null") - Empty or null pattern.
	at org.springframework.boot.context.logging.LoggingApplicationListener.initializeSystem(LoggingApplicationListener.java:347)
	at org.springframework.boot.context.logging.LoggingApplicationListener.initialize(LoggingApplicationListener.java:298)
	at org.springframework.boot.context.logging.LoggingApplicationListener.onApplicationEnvironmentPreparedEvent(LoggingApplicationListener.java:246)
	at org.springframework.boot.context.logging.LoggingApplicationListener.onApplicationEvent(LoggingApplicationListener.java:223)
	at org.springframework.context.event.SimpleApplicationEventMulticaster.doInvokeListener(SimpleApplicationEventMulticaster.java:185)
	at org.springframework.context.event.SimpleApplicationEventMulticaster.invokeListener(SimpleApplicationEventMulticaster.java:178)
	at org.springframework.context.event.SimpleApplicationEventMulticaster.multicastEvent(SimpleApplicationEventMulticaster.java:156)
	at org.springframework.context.event.SimpleApplicationEventMulticaster.multicastEvent(SimpleApplicationEventMulticaster.java:138)
	at org.springframework.boot.context.event.EventPublishingRunListener.multicastInitialEvent(EventPublishingRunListener.java:136)
	at org.springframework.boot.context.event.EventPublishingRunListener.environmentPrepared(EventPublishingRunListener.java:81)
	at org.springframework.boot.SpringApplicationRunListeners.lambda$environmentPrepared$2(SpringApplicationRunListeners.java:64)
	at java.base/java.lang.Iterable.forEach(Iterable.java:75)
	at org.springframework.boot.SpringApplicationRunListeners.doWithListeners(SpringApplicationRunListeners.java:118)
	at org.springframework.boot.SpringApplicationRunListeners.doWithListeners(SpringApplicationRunListeners.java:112)
	at org.springframework.boot.SpringApplicationRunListeners.environmentPrepared(SpringApplicationRunListeners.java:63)
	at org.springframework.boot.SpringApplication.prepareEnvironment(SpringApplication.java:370)
	at org.springframework.boot.SpringApplication.run(SpringApplication.java:330)
	at org.springframework.boot.SpringApplication.run(SpringApplication.java:1363)
	at org.springframework.boot.SpringApplication.run(SpringApplication.java:1352)
	at com.thitiwas.example.demo.DemoApplication.main(DemoApplication.java:10)
Caused by: java.lang.IllegalStateException: Logback configuration error detected: 
ERROR in ch.qos.logback.classic.PatternLayout("null") - Empty or null pattern.
	at org.springframework.boot.logging.logback.LogbackLoggingSystem.reportConfigurationErrorsIfNecessary(LogbackLoggingSystem.java:284)
	at org.springframework.boot.logging.logback.LogbackLoggingSystem.loadConfiguration(LogbackLoggingSystem.java:262)
	at org.springframework.boot.logging.logback.LogbackLoggingSystem.reinitialize(LogbackLoggingSystem.java:341)
	at org.springframework.boot.logging.AbstractLoggingSystem.initializeWithConventions(AbstractLoggingSystem.java:74)
	at org.springframework.boot.logging.AbstractLoggingSystem.initialize(AbstractLoggingSystem.java:61)
	at org.springframework.boot.logging.logback.LogbackLoggingSystem.initialize(LogbackLoggingSystem.java:193)
	at org.springframework.boot.context.logging.LoggingApplicationListener.initializeSystem(LoggingApplicationListener.java:332)
	... 19 common frames omitted
2024-09-11 22:50:11,633 INFO o.s.b.StartupInfoLogger [main] Starting DemoApplication using Java 17.0.12 with PID 4704 (/Users/thitiwasnupan/development/beer_demo/demo/target/classes started by thitiwasnupan in /Users/thitiwasnupan/development/beer_demo/demo)
2024-09-11 22:50:11,634 DEBUG o.s.b.StartupInfoLogger [main] Running with Spring Boot v3.3.3, Spring v6.1.12
2024-09-11 22:50:11,634 INFO o.s.b.SpringApplication [main] No active profile set, falling back to 1 default profile: "default"
2024-09-11 22:50:11,965 INFO o.s.b.w.e.t.TomcatWebServer [main] Tomcat initialized with port 8080 (http)
2024-09-11 22:50:11,970 INFO o.a.j.l.DirectJDKLog [main] Initializing ProtocolHandler ["http-nio-8080"]
2024-09-11 22:50:11,971 INFO o.a.j.l.DirectJDKLog [main] Starting service [Tomcat]
2024-09-11 22:50:11,971 INFO o.a.j.l.DirectJDKLog [main] Starting Servlet engine: [Apache Tomcat/10.1.28]
2024-09-11 22:50:11,988 INFO o.a.j.l.DirectJDKLog [main] Initializing Spring embedded WebApplicationContext
2024-09-11 22:50:11,989 INFO o.s.b.w.s.c.ServletWebServerApplicationContext [main] Root WebApplicationContext: initialization completed in 339 ms
2024-09-11 22:50:12,118 INFO o.a.j.l.DirectJDKLog [main] Starting ProtocolHandler ["http-nio-8080"]
2024-09-11 22:50:12,124 INFO o.s.b.w.e.t.TomcatWebServer [main] Tomcat started on port 8080 (http) with context path '/'
2024-09-11 22:50:12,129 INFO o.s.b.StartupInfoLogger [main] Started DemoApplication in 0.625 seconds (process running for 0.918)
2024-09-11 22:51:10,084 INFO o.s.b.StartupInfoLogger [main] Starting DemoApplication using Java 17.0.12 with PID 4712 (/Users/thitiwasnupan/development/beer_demo/demo/target/classes started by thitiwasnupan in /Users/thitiwasnupan/development/beer_demo/demo)
2024-09-11 22:51:10,085 DEBUG o.s.b.StartupInfoLogger [main] Running with Spring Boot v3.3.3, Spring v6.1.12
2024-09-11 22:51:10,085 INFO o.s.b.SpringApplication [main] No active profile set, falling back to 1 default profile: "default"
2024-09-11 22:51:10,414 INFO o.s.b.w.e.t.TomcatWebServer [main] Tomcat initialized with port 8080 (http)
2024-09-11 22:51:10,418 INFO o.a.j.l.DirectJDKLog [main] Initializing ProtocolHandler ["http-nio-8080"]
2024-09-11 22:51:10,420 INFO o.a.j.l.DirectJDKLog [main] Starting service [Tomcat]
2024-09-11 22:51:10,420 INFO o.a.j.l.DirectJDKLog [main] Starting Servlet engine: [Apache Tomcat/10.1.28]
2024-09-11 22:51:10,438 INFO o.a.j.l.DirectJDKLog [main] Initializing Spring embedded WebApplicationContext
2024-09-11 22:51:10,439 INFO o.s.b.w.s.c.ServletWebServerApplicationContext [main] Root WebApplicationContext: initialization completed in 336 ms
2024-09-11 22:51:10,566 INFO o.a.j.l.DirectJDKLog [main] Starting ProtocolHandler ["http-nio-8080"]
2024-09-11 22:51:10,573 INFO o.s.b.w.e.t.TomcatWebServer [main] Tomcat started on port 8080 (http) with context path '/'
2024-09-11 22:51:10,578 INFO o.s.b.StartupInfoLogger [main] Started DemoApplication in 0.625 seconds (process running for 0.917)
2024-09-11 22:51:14,562 INFO o.a.j.l.DirectJDKLog [http-nio-8080-exec-1] Initializing Spring DispatcherServlet 'dispatcherServlet'
2024-09-11 22:51:14,563 INFO o.s.w.s.FrameworkServlet [http-nio-8080-exec-1] Initializing Servlet 'dispatcherServlet'
2024-09-11 22:51:14,563 INFO o.s.w.s.FrameworkServlet [http-nio-8080-exec-1] Completed initialization in 0 ms
2024-09-11 22:51:14,582 WARN o.s.w.s.h.AbstractHandlerExceptionResolver [http-nio-8080-exec-1] Resolved [org.springframework.web.bind.MissingServletRequestParameterException: Required request parameter 'data' for method parameter type String is not present]
2024-09-11 22:51:21,826 DEBUG c.t.e.d.c.HomeController [http-nio-8080-exec-2] ====test==== Abc
2024-09-11 22:51:45,095 INFO o.s.b.StartupInfoLogger [main] Starting DemoApplication using Java 17.0.12 with PID 4720 (/Users/thitiwasnupan/development/beer_demo/demo/target/classes started by thitiwasnupan in /Users/thitiwasnupan/development/beer_demo/demo)
2024-09-11 22:51:45,096 DEBUG o.s.b.StartupInfoLogger [main] Running with Spring Boot v3.3.3, Spring v6.1.12
2024-09-11 22:51:45,096 INFO o.s.b.SpringApplication [main] No active profile set, falling back to 1 default profile: "default"
2024-09-11 22:51:45,463 INFO o.s.b.w.e.t.TomcatWebServer [main] Tomcat initialized with port 8080 (http)
2024-09-11 22:51:45,468 INFO o.a.j.l.DirectJDKLog [main] Initializing ProtocolHandler ["http-nio-8080"]
2024-09-11 22:51:45,470 INFO o.a.j.l.DirectJDKLog [main] Starting service [Tomcat]
2024-09-11 22:51:45,470 INFO o.a.j.l.DirectJDKLog [main] Starting Servlet engine: [Apache Tomcat/10.1.28]
2024-09-11 22:51:45,489 INFO o.a.j.l.DirectJDKLog [main] Initializing Spring embedded WebApplicationContext
2024-09-11 22:51:45,489 INFO o.s.b.w.s.c.ServletWebServerApplicationContext [main] Root WebApplicationContext: initialization completed in 375 ms
2024-09-11 22:51:45,618 INFO o.a.j.l.DirectJDKLog [main] Starting ProtocolHandler ["http-nio-8080"]
2024-09-11 22:51:45,623 INFO o.s.b.w.e.t.TomcatWebServer [main] Tomcat started on port 8080 (http) with context path '/'
2024-09-11 22:51:45,628 INFO o.s.b.StartupInfoLogger [main] Started DemoApplication in 0.686 seconds (process running for 0.989)
2024-09-11 22:51:51,576 INFO o.s.b.StartupInfoLogger [main] Starting DemoApplication using Java 17.0.12 with PID 4723 (/Users/thitiwasnupan/development/beer_demo/demo/target/classes started by thitiwasnupan in /Users/thitiwasnupan/development/beer_demo/demo)
2024-09-11 22:51:51,577 DEBUG o.s.b.StartupInfoLogger [main] Running with Spring Boot v3.3.3, Spring v6.1.12
2024-09-11 22:51:51,578 INFO o.s.b.SpringApplication [main] No active profile set, falling back to 1 default profile: "default"
2024-09-11 22:51:51,917 INFO o.s.b.w.e.t.TomcatWebServer [main] Tomcat initialized with port 8080 (http)
2024-09-11 22:51:51,921 INFO o.a.j.l.DirectJDKLog [main] Initializing ProtocolHandler ["http-nio-8080"]
2024-09-11 22:51:51,923 INFO o.a.j.l.DirectJDKLog [main] Starting service [Tomcat]
2024-09-11 22:51:51,923 INFO o.a.j.l.DirectJDKLog [main] Starting Servlet engine: [Apache Tomcat/10.1.28]
2024-09-11 22:51:51,942 INFO o.a.j.l.DirectJDKLog [main] Initializing Spring embedded WebApplicationContext
2024-09-11 22:51:51,943 INFO o.s.b.w.s.c.ServletWebServerApplicationContext [main] Root WebApplicationContext: initialization completed in 347 ms
2024-09-11 22:51:52,068 INFO o.a.j.l.DirectJDKLog [main] Starting ProtocolHandler ["http-nio-8080"]
2024-09-11 22:51:52,074 INFO o.s.b.w.e.t.TomcatWebServer [main] Tomcat started on port 8080 (http) with context path '/'
2024-09-11 22:51:52,079 INFO o.s.b.StartupInfoLogger [main] Started DemoApplication in 0.651 seconds (process running for 0.944)
2024-09-11 22:51:53,943 INFO o.a.j.l.DirectJDKLog [http-nio-8080-exec-1] Initializing Spring DispatcherServlet 'dispatcherServlet'
2024-09-11 22:51:53,944 INFO o.s.w.s.FrameworkServlet [http-nio-8080-exec-1] Initializing Servlet 'dispatcherServlet'
2024-09-11 22:51:53,944 INFO o.s.w.s.FrameworkServlet [http-nio-8080-exec-1] Completed initialization in 0 ms
2024-09-11 22:51:53,966 DEBUG c.t.e.d.c.HomeController [http-nio-8080-exec-1] test::data:: Abc
2024-09-11 23:01:50,088 INFO o.s.b.StartupInfoLogger [main] Starting DemoApplication using Java 17.0.12 with PID 5348 (/Users/thitiwasnupan/development/beer_demo/demo/target/classes started by thitiwasnupan in /Users/thitiwasnupan/development/beer_demo/demo)
2024-09-11 23:01:50,090 DEBUG o.s.b.StartupInfoLogger [main] Running with Spring Boot v3.3.3, Spring v6.1.12
2024-09-11 23:01:50,092 INFO o.s.b.SpringApplication [main] No active profile set, falling back to 1 default profile: "default"
2024-09-11 23:01:50,476 INFO o.s.b.w.e.t.TomcatWebServer [main] Tomcat initialized with port 8080 (http)
2024-09-11 23:01:50,481 INFO o.a.j.l.DirectJDKLog [main] Initializing ProtocolHandler ["http-nio-8080"]
2024-09-11 23:01:50,482 INFO o.a.j.l.DirectJDKLog [main] Starting service [Tomcat]
2024-09-11 23:01:50,483 INFO o.a.j.l.DirectJDKLog [main] Starting Servlet engine: [Apache Tomcat/10.1.28]
2024-09-11 23:01:50,503 INFO o.a.j.l.DirectJDKLog [main] Initializing Spring embedded WebApplicationContext
2024-09-11 23:01:50,504 INFO o.s.b.w.s.c.ServletWebServerApplicationContext [main] Root WebApplicationContext: initialization completed in 388 ms
2024-09-11 23:01:50,639 INFO o.a.j.l.DirectJDKLog [main] Starting ProtocolHandler ["http-nio-8080"]
2024-09-11 23:01:50,645 INFO o.s.b.w.e.t.TomcatWebServer [main] Tomcat started on port 8080 (http) with context path '/'
2024-09-11 23:01:50,650 INFO o.s.b.StartupInfoLogger [main] Started DemoApplication in 0.74 seconds (process running for 1.109)
2024-09-11 23:01:51,535 INFO o.a.j.l.DirectJDKLog [http-nio-8080-exec-1] Initializing Spring DispatcherServlet 'dispatcherServlet'
2024-09-11 23:01:51,535 INFO o.s.w.s.FrameworkServlet [http-nio-8080-exec-1] Initializing Servlet 'dispatcherServlet'
2024-09-11 23:01:51,536 INFO o.s.w.s.FrameworkServlet [http-nio-8080-exec-1] Completed initialization in 0 ms
2024-09-11 23:01:51,553 DEBUG c.t.e.d.c.HomeController [http-nio-8080-exec-1] test::data:: Abc
2024-09-11 23:01:55,863 DEBUG c.t.e.d.c.HomeController [http-nio-8080-exec-4] test::data:: null
2024-09-11 23:02:55,955 INFO o.s.b.StartupInfoLogger [main] Starting DemoApplication using Java 17.0.12 with PID 5369 (/Users/thitiwasnupan/development/beer_demo/demo/target/classes started by thitiwasnupan in /Users/thitiwasnupan/development/beer_demo/demo)
2024-09-11 23:02:55,955 DEBUG o.s.b.StartupInfoLogger [main] Running with Spring Boot v3.3.3, Spring v6.1.12
2024-09-11 23:02:55,956 INFO o.s.b.SpringApplication [main] No active profile set, falling back to 1 default profile: "default"
2024-09-11 23:02:56,300 INFO o.s.b.w.e.t.TomcatWebServer [main] Tomcat initialized with port 8080 (http)
2024-09-11 23:02:56,304 INFO o.a.j.l.DirectJDKLog [main] Initializing ProtocolHandler ["http-nio-8080"]
2024-09-11 23:02:56,306 INFO o.a.j.l.DirectJDKLog [main] Starting service [Tomcat]
2024-09-11 23:02:56,306 INFO o.a.j.l.DirectJDKLog [main] Starting Servlet engine: [Apache Tomcat/10.1.28]
2024-09-11 23:02:56,325 INFO o.a.j.l.DirectJDKLog [main] Initializing Spring embedded WebApplicationContext
2024-09-11 23:02:56,325 INFO o.s.b.w.s.c.ServletWebServerApplicationContext [main] Root WebApplicationContext: initialization completed in 353 ms
2024-09-11 23:02:56,463 INFO o.a.j.l.DirectJDKLog [main] Starting ProtocolHandler ["http-nio-8080"]
2024-09-11 23:02:56,489 INFO o.s.b.w.e.t.TomcatWebServer [main] Tomcat started on port 8080 (http) with context path '/'
2024-09-11 23:02:56,496 INFO o.s.b.StartupInfoLogger [main] Started DemoApplication in 0.685 seconds (process running for 0.986)
2024-09-11 23:03:00,845 INFO o.a.j.l.DirectJDKLog [http-nio-8080-exec-1] Initializing Spring DispatcherServlet 'dispatcherServlet'
2024-09-11 23:03:00,845 INFO o.s.w.s.FrameworkServlet [http-nio-8080-exec-1] Initializing Servlet 'dispatcherServlet'
2024-09-11 23:03:00,846 INFO o.s.w.s.FrameworkServlet [http-nio-8080-exec-1] Completed initialization in 1 ms
2024-09-11 23:03:00,867 DEBUG c.t.e.d.c.HomeController [http-nio-8080-exec-1] test::data:: null
2024-09-11 23:03:05,415 DEBUG c.t.e.d.c.HomeController [http-nio-8080-exec-4] test::data:: Abc
2024-09-11 23:03:12,583 DEBUG c.t.e.d.c.HomeController [http-nio-8080-exec-7] test::data:: Abcccc
